{"/Users/richardwoollcott/conductor/workspaces/guardkit-examples/bullard-v1/kartlog/src/lib/firebase.js": {"path":"/Users/richardwoollcott/conductor/workspaces/guardkit-examples/bullard-v1/kartlog/src/lib/firebase.js","statementMap":{"0":{"start":{"line":15,"column":16},"end":{"line":15,"column":66}},"1":{"start":{"line":20,"column":0},"end":{"line":52,"column":null}},"2":{"start":{"line":21,"column":2},"end":{"line":21,"column":null}},"3":{"start":{"line":23,"column":25},"end":{"line":23,"column":null}},"4":{"start":{"line":25,"column":2},"end":{"line":25,"column":null}},"5":{"start":{"line":26,"column":2},"end":{"line":26,"column":null}},"6":{"start":{"line":27,"column":2},"end":{"line":27,"column":null}},"7":{"start":{"line":28,"column":2},"end":{"line":28,"column":null}},"8":{"start":{"line":29,"column":2},"end":{"line":29,"column":null}},"9":{"start":{"line":30,"column":2},"end":{"line":30,"column":null}},"10":{"start":{"line":31,"column":2},"end":{"line":31,"column":null}},"11":{"start":{"line":32,"column":2},"end":{"line":32,"column":null}},"12":{"start":{"line":33,"column":2},"end":{"line":33,"column":null}},"13":{"start":{"line":34,"column":2},"end":{"line":34,"column":null}},"14":{"start":{"line":35,"column":2},"end":{"line":35,"column":null}},"15":{"start":{"line":36,"column":2},"end":{"line":36,"column":null}},"16":{"start":{"line":37,"column":2},"end":{"line":37,"column":null}},"17":{"start":{"line":38,"column":2},"end":{"line":38,"column":null}},"18":{"start":{"line":41,"column":2},"end":{"line":41,"column":null}},"19":{"start":{"line":42,"column":2},"end":{"line":42,"column":null}},"20":{"start":{"line":43,"column":2},"end":{"line":43,"column":null}},"21":{"start":{"line":44,"column":2},"end":{"line":44,"column":null}},"22":{"start":{"line":45,"column":2},"end":{"line":45,"column":null}},"23":{"start":{"line":47,"column":2},"end":{"line":47,"column":null}},"24":{"start":{"line":51,"column":2},"end":{"line":51,"column":null}}},"fnMap":{},"branchMap":{"0":{"loc":{"start":{"line":20,"column":0},"end":{"line":52,"column":null}},"type":"if","locations":[{"start":{"line":20,"column":0},"end":{"line":52,"column":null}},{"start":{"line":46,"column":7},"end":{"line":52,"column":null}}],"line":20}},"s":{"0":2,"1":2,"2":2,"3":2,"4":2,"5":2,"6":2,"7":2,"8":2,"9":2,"10":2,"11":2,"12":2,"13":2,"14":2,"15":2,"16":2,"17":2,"18":2,"19":2,"20":2,"21":2,"22":2,"23":0,"24":0},"f":{},"b":{"0":[2,0]},"meta":{"lastBranch":1,"lastFunction":0,"lastStatement":25,"seen":{"s:15:16:15:66":0,"b:20:0:52:Infinity:46:7:52:Infinity":0,"s:20:0:52:Infinity":1,"s:21:2:21:Infinity":2,"s:23:25:23:Infinity":3,"s:25:2:25:Infinity":4,"s:26:2:26:Infinity":5,"s:27:2:27:Infinity":6,"s:28:2:28:Infinity":7,"s:29:2:29:Infinity":8,"s:30:2:30:Infinity":9,"s:31:2:31:Infinity":10,"s:32:2:32:Infinity":11,"s:33:2:33:Infinity":12,"s:34:2:34:Infinity":13,"s:35:2:35:Infinity":14,"s:36:2:36:Infinity":15,"s:37:2:37:Infinity":16,"s:38:2:38:Infinity":17,"s:41:2:41:Infinity":18,"s:42:2:42:Infinity":19,"s:43:2:43:Infinity":20,"s:44:2:44:Infinity":21,"s:45:2:45:Infinity":22,"s:47:2:47:Infinity":23,"s:51:2:51:Infinity":24}}}
,"/Users/richardwoollcott/conductor/workspaces/guardkit-examples/bullard-v1/kartlog/src/lib/firestore/packLists.js": {"path":"/Users/richardwoollcott/conductor/workspaces/guardkit-examples/bullard-v1/kartlog/src/lib/firestore/packLists.js","statementMap":{"0":{"start":{"line":21,"column":42},"end":{"line":56,"column":1}},"1":{"start":{"line":22,"column":2},"end":{"line":24,"column":null}},"2":{"start":{"line":23,"column":4},"end":{"line":23,"column":null}},"3":{"start":{"line":26,"column":2},"end":{"line":55,"column":null}},"4":{"start":{"line":28,"column":21},"end":{"line":28,"column":54}},"5":{"start":{"line":31,"column":29},"end":{"line":31,"column":53}},"6":{"start":{"line":32,"column":24},"end":{"line":38,"column":7}},"7":{"start":{"line":32,"column":52},"end":{"line":38,"column":5}},"8":{"start":{"line":40,"column":19},"end":{"line":49,"column":6}},"9":{"start":{"line":51,"column":4},"end":{"line":51,"column":null}},"10":{"start":{"line":53,"column":4},"end":{"line":53,"column":null}},"11":{"start":{"line":54,"column":4},"end":{"line":54,"column":null}},"12":{"start":{"line":64,"column":32},"end":{"line":95,"column":1}},"13":{"start":{"line":65,"column":2},"end":{"line":67,"column":null}},"14":{"start":{"line":66,"column":4},"end":{"line":66,"column":null}},"15":{"start":{"line":69,"column":2},"end":{"line":94,"column":null}},"16":{"start":{"line":71,"column":4},"end":{"line":84,"column":null}},"17":{"start":{"line":72,"column":6},"end":{"line":77,"column":null}},"18":{"start":{"line":79,"column":6},"end":{"line":83,"column":null}},"19":{"start":{"line":86,"column":26},"end":{"line":86,"column":42}},"20":{"start":{"line":87,"column":4},"end":{"line":90,"column":null}},"21":{"start":{"line":87,"column":42},"end":{"line":90,"column":5}},"22":{"start":{"line":92,"column":4},"end":{"line":92,"column":null}},"23":{"start":{"line":93,"column":4},"end":{"line":93,"column":null}},"24":{"start":{"line":103,"column":27},"end":{"line":130,"column":1}},"25":{"start":{"line":104,"column":2},"end":{"line":106,"column":null}},"26":{"start":{"line":105,"column":4},"end":{"line":105,"column":null}},"27":{"start":{"line":108,"column":2},"end":{"line":129,"column":null}},"28":{"start":{"line":109,"column":19},"end":{"line":109,"column":48}},"29":{"start":{"line":110,"column":21},"end":{"line":110,"column":42}},"30":{"start":{"line":112,"column":4},"end":{"line":114,"column":null}},"31":{"start":{"line":113,"column":6},"end":{"line":113,"column":null}},"32":{"start":{"line":116,"column":21},"end":{"line":116,"column":36}},"33":{"start":{"line":118,"column":4},"end":{"line":120,"column":null}},"34":{"start":{"line":119,"column":6},"end":{"line":119,"column":null}},"35":{"start":{"line":122,"column":4},"end":{"line":125,"column":null}},"36":{"start":{"line":127,"column":4},"end":{"line":127,"column":null}},"37":{"start":{"line":128,"column":4},"end":{"line":128,"column":null}},"38":{"start":{"line":139,"column":30},"end":{"line":160,"column":1}},"39":{"start":{"line":140,"column":2},"end":{"line":142,"column":null}},"40":{"start":{"line":141,"column":4},"end":{"line":141,"column":null}},"41":{"start":{"line":144,"column":2},"end":{"line":159,"column":null}},"42":{"start":{"line":146,"column":21},"end":{"line":146,"column":46}},"43":{"start":{"line":147,"column":4},"end":{"line":149,"column":null}},"44":{"start":{"line":148,"column":6},"end":{"line":148,"column":null}},"45":{"start":{"line":151,"column":19},"end":{"line":151,"column":48}},"46":{"start":{"line":152,"column":4},"end":{"line":155,"column":null}},"47":{"start":{"line":157,"column":4},"end":{"line":157,"column":null}},"48":{"start":{"line":158,"column":4},"end":{"line":158,"column":null}},"49":{"start":{"line":168,"column":30},"end":{"line":185,"column":1}},"50":{"start":{"line":169,"column":2},"end":{"line":171,"column":null}},"51":{"start":{"line":170,"column":4},"end":{"line":170,"column":null}},"52":{"start":{"line":173,"column":2},"end":{"line":184,"column":null}},"53":{"start":{"line":175,"column":21},"end":{"line":175,"column":46}},"54":{"start":{"line":176,"column":4},"end":{"line":178,"column":null}},"55":{"start":{"line":177,"column":6},"end":{"line":177,"column":null}},"56":{"start":{"line":180,"column":4},"end":{"line":180,"column":null}},"57":{"start":{"line":182,"column":4},"end":{"line":182,"column":null}},"58":{"start":{"line":183,"column":4},"end":{"line":183,"column":null}},"59":{"start":{"line":194,"column":33},"end":{"line":215,"column":1}},"60":{"start":{"line":195,"column":2},"end":{"line":197,"column":null}},"61":{"start":{"line":196,"column":4},"end":{"line":196,"column":null}},"62":{"start":{"line":199,"column":2},"end":{"line":214,"column":null}},"63":{"start":{"line":200,"column":21},"end":{"line":200,"column":46}},"64":{"start":{"line":202,"column":25},"end":{"line":206,"column":5}},"65":{"start":{"line":203,"column":6},"end":{"line":205,"column":null}},"66":{"start":{"line":208,"column":4},"end":{"line":210,"column":null}},"67":{"start":{"line":212,"column":4},"end":{"line":212,"column":null}},"68":{"start":{"line":213,"column":4},"end":{"line":213,"column":null}},"69":{"start":{"line":224,"column":29},"end":{"line":249,"column":1}},"70":{"start":{"line":225,"column":2},"end":{"line":227,"column":null}},"71":{"start":{"line":226,"column":4},"end":{"line":226,"column":null}},"72":{"start":{"line":229,"column":2},"end":{"line":248,"column":null}},"73":{"start":{"line":230,"column":21},"end":{"line":230,"column":46}},"74":{"start":{"line":232,"column":20},"end":{"line":238,"column":5}},"75":{"start":{"line":240,"column":25},"end":{"line":240,"column":53}},"76":{"start":{"line":242,"column":4},"end":{"line":244,"column":null}},"77":{"start":{"line":246,"column":4},"end":{"line":246,"column":null}},"78":{"start":{"line":247,"column":4},"end":{"line":247,"column":null}},"79":{"start":{"line":258,"column":34},"end":{"line":275,"column":1}},"80":{"start":{"line":259,"column":2},"end":{"line":261,"column":null}},"81":{"start":{"line":260,"column":4},"end":{"line":260,"column":null}},"82":{"start":{"line":263,"column":2},"end":{"line":274,"column":null}},"83":{"start":{"line":264,"column":21},"end":{"line":264,"column":46}},"84":{"start":{"line":266,"column":25},"end":{"line":266,"column":74}},"85":{"start":{"line":266,"column":55},"end":{"line":266,"column":73}},"86":{"start":{"line":268,"column":4},"end":{"line":270,"column":null}},"87":{"start":{"line":272,"column":4},"end":{"line":272,"column":null}},"88":{"start":{"line":273,"column":4},"end":{"line":273,"column":null}},"89":{"start":{"line":283,"column":31},"end":{"line":296,"column":1}},"90":{"start":{"line":284,"column":2},"end":{"line":286,"column":null}},"91":{"start":{"line":285,"column":4},"end":{"line":285,"column":null}},"92":{"start":{"line":288,"column":2},"end":{"line":295,"column":null}},"93":{"start":{"line":289,"column":4},"end":{"line":291,"column":null}},"94":{"start":{"line":293,"column":4},"end":{"line":293,"column":null}},"95":{"start":{"line":294,"column":4},"end":{"line":294,"column":null}},"96":{"start":{"line":306,"column":37},"end":{"line":343,"column":1}},"97":{"start":{"line":307,"column":2},"end":{"line":309,"column":null}},"98":{"start":{"line":308,"column":4},"end":{"line":308,"column":null}},"99":{"start":{"line":311,"column":2},"end":{"line":342,"column":null}},"100":{"start":{"line":313,"column":21},"end":{"line":313,"column":46}},"101":{"start":{"line":314,"column":17},"end":{"line":314,"column":58}},"102":{"start":{"line":314,"column":42},"end":{"line":314,"column":57}},"103":{"start":{"line":316,"column":4},"end":{"line":318,"column":null}},"104":{"start":{"line":317,"column":6},"end":{"line":317,"column":null}},"105":{"start":{"line":321,"column":21},"end":{"line":321,"column":54}},"106":{"start":{"line":324,"column":22},"end":{"line":328,"column":5}},"107":{"start":{"line":331,"column":25},"end":{"line":331,"column":55}},"108":{"start":{"line":334,"column":23},"end":{"line":334,"column":60}},"109":{"start":{"line":335,"column":4},"end":{"line":338,"column":null}},"110":{"start":{"line":340,"column":4},"end":{"line":340,"column":null}},"111":{"start":{"line":341,"column":4},"end":{"line":341,"column":null}}},"fnMap":{"0":{"name":"(anonymous_0)","decl":{"start":{"line":21,"column":42},"end":{"line":21,"column":47}},"loc":{"start":{"line":21,"column":90},"end":{"line":56,"column":1}},"line":21},"1":{"name":"(anonymous_1)","decl":{"start":{"line":32,"column":43},"end":{"line":32,"column":47}},"loc":{"start":{"line":32,"column":52},"end":{"line":38,"column":5}},"line":32},"2":{"name":"(anonymous_2)","decl":{"start":{"line":64,"column":32},"end":{"line":64,"column":37}},"loc":{"start":{"line":64,"column":57},"end":{"line":95,"column":1}},"line":64},"3":{"name":"(anonymous_3)","decl":{"start":{"line":87,"column":34},"end":{"line":87,"column":37}},"loc":{"start":{"line":87,"column":42},"end":{"line":90,"column":5}},"line":87},"4":{"name":"(anonymous_4)","decl":{"start":{"line":103,"column":27},"end":{"line":103,"column":32}},"loc":{"start":{"line":103,"column":45},"end":{"line":130,"column":1}},"line":103},"5":{"name":"(anonymous_5)","decl":{"start":{"line":139,"column":30},"end":{"line":139,"column":35}},"loc":{"start":{"line":139,"column":54},"end":{"line":160,"column":1}},"line":139},"6":{"name":"(anonymous_6)","decl":{"start":{"line":168,"column":30},"end":{"line":168,"column":35}},"loc":{"start":{"line":168,"column":48},"end":{"line":185,"column":1}},"line":168},"7":{"name":"(anonymous_7)","decl":{"start":{"line":194,"column":33},"end":{"line":194,"column":38}},"loc":{"start":{"line":194,"column":59},"end":{"line":215,"column":1}},"line":194},"8":{"name":"(anonymous_8)","decl":{"start":{"line":202,"column":44},"end":{"line":202,"column":48}},"loc":{"start":{"line":203,"column":6},"end":{"line":205,"column":null}},"line":203},"9":{"name":"(anonymous_9)","decl":{"start":{"line":224,"column":29},"end":{"line":224,"column":34}},"loc":{"start":{"line":224,"column":53},"end":{"line":249,"column":1}},"line":224},"10":{"name":"(anonymous_10)","decl":{"start":{"line":258,"column":34},"end":{"line":258,"column":39}},"loc":{"start":{"line":258,"column":60},"end":{"line":275,"column":1}},"line":258},"11":{"name":"(anonymous_11)","decl":{"start":{"line":266,"column":47},"end":{"line":266,"column":51}},"loc":{"start":{"line":266,"column":55},"end":{"line":266,"column":73}},"line":266},"12":{"name":"(anonymous_12)","decl":{"start":{"line":283,"column":31},"end":{"line":283,"column":36}},"loc":{"start":{"line":283,"column":49},"end":{"line":296,"column":1}},"line":283},"13":{"name":"(anonymous_13)","decl":{"start":{"line":306,"column":37},"end":{"line":306,"column":42}},"loc":{"start":{"line":306,"column":75},"end":{"line":343,"column":1}},"line":306},"14":{"name":"(anonymous_14)","decl":{"start":{"line":314,"column":37},"end":{"line":314,"column":38}},"loc":{"start":{"line":314,"column":42},"end":{"line":314,"column":57}},"line":314}},"branchMap":{"0":{"loc":{"start":{"line":22,"column":2},"end":{"line":24,"column":null}},"type":"if","locations":[{"start":{"line":22,"column":2},"end":{"line":24,"column":null}},{"start":{},"end":{}}],"line":22},"1":{"loc":{"start":{"line":64,"column":39},"end":{"line":64,"column":52}},"type":"default-arg","locations":[{"start":{"line":64,"column":48},"end":{"line":64,"column":52}}],"line":64},"2":{"loc":{"start":{"line":65,"column":2},"end":{"line":67,"column":null}},"type":"if","locations":[{"start":{"line":65,"column":2},"end":{"line":67,"column":null}},{"start":{},"end":{}}],"line":65},"3":{"loc":{"start":{"line":71,"column":4},"end":{"line":84,"column":null}},"type":"if","locations":[{"start":{"line":71,"column":4},"end":{"line":84,"column":null}},{"start":{"line":78,"column":11},"end":{"line":84,"column":null}}],"line":71},"4":{"loc":{"start":{"line":104,"column":2},"end":{"line":106,"column":null}},"type":"if","locations":[{"start":{"line":104,"column":2},"end":{"line":106,"column":null}},{"start":{},"end":{}}],"line":104},"5":{"loc":{"start":{"line":112,"column":4},"end":{"line":114,"column":null}},"type":"if","locations":[{"start":{"line":112,"column":4},"end":{"line":114,"column":null}},{"start":{},"end":{}}],"line":112},"6":{"loc":{"start":{"line":118,"column":4},"end":{"line":120,"column":null}},"type":"if","locations":[{"start":{"line":118,"column":4},"end":{"line":120,"column":null}},{"start":{},"end":{}}],"line":118},"7":{"loc":{"start":{"line":140,"column":2},"end":{"line":142,"column":null}},"type":"if","locations":[{"start":{"line":140,"column":2},"end":{"line":142,"column":null}},{"start":{},"end":{}}],"line":140},"8":{"loc":{"start":{"line":147,"column":4},"end":{"line":149,"column":null}},"type":"if","locations":[{"start":{"line":147,"column":4},"end":{"line":149,"column":null}},{"start":{},"end":{}}],"line":147},"9":{"loc":{"start":{"line":169,"column":2},"end":{"line":171,"column":null}},"type":"if","locations":[{"start":{"line":169,"column":2},"end":{"line":171,"column":null}},{"start":{},"end":{}}],"line":169},"10":{"loc":{"start":{"line":176,"column":4},"end":{"line":178,"column":null}},"type":"if","locations":[{"start":{"line":176,"column":4},"end":{"line":178,"column":null}},{"start":{},"end":{}}],"line":176},"11":{"loc":{"start":{"line":195,"column":2},"end":{"line":197,"column":null}},"type":"if","locations":[{"start":{"line":195,"column":2},"end":{"line":197,"column":null}},{"start":{},"end":{}}],"line":195},"12":{"loc":{"start":{"line":203,"column":6},"end":{"line":205,"column":null}},"type":"cond-expr","locations":[{"start":{"line":204,"column":10},"end":{"line":204,"column":null}},{"start":{"line":205,"column":10},"end":{"line":205,"column":null}}],"line":203},"13":{"loc":{"start":{"line":225,"column":2},"end":{"line":227,"column":null}},"type":"if","locations":[{"start":{"line":225,"column":2},"end":{"line":227,"column":null}},{"start":{},"end":{}}],"line":225},"14":{"loc":{"start":{"line":233,"column":10},"end":{"line":233,"column":40}},"type":"binary-expr","locations":[{"start":{"line":233,"column":10},"end":{"line":233,"column":17}},{"start":{"line":233,"column":21},"end":{"line":233,"column":40}}],"line":233},"15":{"loc":{"start":{"line":259,"column":2},"end":{"line":261,"column":null}},"type":"if","locations":[{"start":{"line":259,"column":2},"end":{"line":261,"column":null}},{"start":{},"end":{}}],"line":259},"16":{"loc":{"start":{"line":284,"column":2},"end":{"line":286,"column":null}},"type":"if","locations":[{"start":{"line":284,"column":2},"end":{"line":286,"column":null}},{"start":{},"end":{}}],"line":284},"17":{"loc":{"start":{"line":307,"column":2},"end":{"line":309,"column":null}},"type":"if","locations":[{"start":{"line":307,"column":2},"end":{"line":309,"column":null}},{"start":{},"end":{}}],"line":307},"18":{"loc":{"start":{"line":316,"column":4},"end":{"line":318,"column":null}},"type":"if","locations":[{"start":{"line":316,"column":4},"end":{"line":318,"column":null}},{"start":{},"end":{}}],"line":316}},"s":{"0":1,"1":32,"2":1,"3":31,"4":31,"5":30,"6":30,"7":13,"8":30,"9":30,"10":1,"11":1,"12":1,"13":5,"14":0,"15":5,"16":5,"17":2,"18":3,"19":5,"20":5,"21":7,"22":0,"23":0,"24":1,"25":50,"26":0,"27":50,"28":50,"29":50,"30":50,"31":2,"32":48,"33":48,"34":2,"35":46,"36":4,"37":4,"38":1,"39":14,"40":0,"41":14,"42":14,"43":13,"44":0,"45":13,"46":13,"47":1,"48":1,"49":1,"50":1,"51":0,"52":1,"53":1,"54":1,"55":0,"56":1,"57":0,"58":0,"59":1,"60":5,"61":0,"62":5,"63":5,"64":5,"65":6,"66":5,"67":0,"68":0,"69":1,"70":4,"71":0,"72":4,"73":4,"74":4,"75":4,"76":4,"77":0,"78":0,"79":1,"80":1,"81":0,"82":1,"83":1,"84":1,"85":2,"86":1,"87":0,"88":0,"89":1,"90":2,"91":0,"92":2,"93":2,"94":0,"95":0,"96":1,"97":2,"98":0,"99":2,"100":2,"101":2,"102":3,"103":2,"104":0,"105":2,"106":2,"107":2,"108":2,"109":2,"110":0,"111":0},"f":{"0":32,"1":13,"2":5,"3":7,"4":50,"5":14,"6":1,"7":5,"8":6,"9":4,"10":1,"11":2,"12":2,"13":2,"14":3},"b":{"0":[1,31],"1":[5],"2":[0,5],"3":[2,3],"4":[0,50],"5":[2,48],"6":[2,46],"7":[0,14],"8":[0,13],"9":[0,1],"10":[0,1],"11":[0,5],"12":[5,1],"13":[0,4],"14":[4,4],"15":[0,1],"16":[0,2],"17":[0,2],"18":[0,2]},"meta":{"lastBranch":19,"lastFunction":15,"lastStatement":112,"seen":{"s:21:42:56:1":0,"f:21:42:21:47":0,"b:22:2:24:Infinity:undefined:undefined:undefined:undefined":0,"s:22:2:24:Infinity":1,"s:23:4:23:Infinity":2,"s:26:2:55:Infinity":3,"s:28:21:28:54":4,"s:31:29:31:53":5,"s:32:24:38:7":6,"f:32:43:32:47":1,"s:32:52:38:5":7,"s:40:19:49:6":8,"s:51:4:51:Infinity":9,"s:53:4:53:Infinity":10,"s:54:4:54:Infinity":11,"s:64:32:95:1":12,"f:64:32:64:37":2,"b:64:48:64:52":1,"b:65:2:67:Infinity:undefined:undefined:undefined:undefined":2,"s:65:2:67:Infinity":13,"s:66:4:66:Infinity":14,"s:69:2:94:Infinity":15,"b:71:4:84:Infinity:78:11:84:Infinity":3,"s:71:4:84:Infinity":16,"s:72:6:77:Infinity":17,"s:79:6:83:Infinity":18,"s:86:26:86:42":19,"s:87:4:90:Infinity":20,"f:87:34:87:37":3,"s:87:42:90:5":21,"s:92:4:92:Infinity":22,"s:93:4:93:Infinity":23,"s:103:27:130:1":24,"f:103:27:103:32":4,"b:104:2:106:Infinity:undefined:undefined:undefined:undefined":4,"s:104:2:106:Infinity":25,"s:105:4:105:Infinity":26,"s:108:2:129:Infinity":27,"s:109:19:109:48":28,"s:110:21:110:42":29,"b:112:4:114:Infinity:undefined:undefined:undefined:undefined":5,"s:112:4:114:Infinity":30,"s:113:6:113:Infinity":31,"s:116:21:116:36":32,"b:118:4:120:Infinity:undefined:undefined:undefined:undefined":6,"s:118:4:120:Infinity":33,"s:119:6:119:Infinity":34,"s:122:4:125:Infinity":35,"s:127:4:127:Infinity":36,"s:128:4:128:Infinity":37,"s:139:30:160:1":38,"f:139:30:139:35":5,"b:140:2:142:Infinity:undefined:undefined:undefined:undefined":7,"s:140:2:142:Infinity":39,"s:141:4:141:Infinity":40,"s:144:2:159:Infinity":41,"s:146:21:146:46":42,"b:147:4:149:Infinity:undefined:undefined:undefined:undefined":8,"s:147:4:149:Infinity":43,"s:148:6:148:Infinity":44,"s:151:19:151:48":45,"s:152:4:155:Infinity":46,"s:157:4:157:Infinity":47,"s:158:4:158:Infinity":48,"s:168:30:185:1":49,"f:168:30:168:35":6,"b:169:2:171:Infinity:undefined:undefined:undefined:undefined":9,"s:169:2:171:Infinity":50,"s:170:4:170:Infinity":51,"s:173:2:184:Infinity":52,"s:175:21:175:46":53,"b:176:4:178:Infinity:undefined:undefined:undefined:undefined":10,"s:176:4:178:Infinity":54,"s:177:6:177:Infinity":55,"s:180:4:180:Infinity":56,"s:182:4:182:Infinity":57,"s:183:4:183:Infinity":58,"s:194:33:215:1":59,"f:194:33:194:38":7,"b:195:2:197:Infinity:undefined:undefined:undefined:undefined":11,"s:195:2:197:Infinity":60,"s:196:4:196:Infinity":61,"s:199:2:214:Infinity":62,"s:200:21:200:46":63,"s:202:25:206:5":64,"f:202:44:202:48":8,"s:203:6:205:Infinity":65,"b:204:10:204:Infinity:205:10:205:Infinity":12,"s:208:4:210:Infinity":66,"s:212:4:212:Infinity":67,"s:213:4:213:Infinity":68,"s:224:29:249:1":69,"f:224:29:224:34":9,"b:225:2:227:Infinity:undefined:undefined:undefined:undefined":13,"s:225:2:227:Infinity":70,"s:226:4:226:Infinity":71,"s:229:2:248:Infinity":72,"s:230:21:230:46":73,"s:232:20:238:5":74,"b:233:10:233:17:233:21:233:40":14,"s:240:25:240:53":75,"s:242:4:244:Infinity":76,"s:246:4:246:Infinity":77,"s:247:4:247:Infinity":78,"s:258:34:275:1":79,"f:258:34:258:39":10,"b:259:2:261:Infinity:undefined:undefined:undefined:undefined":15,"s:259:2:261:Infinity":80,"s:260:4:260:Infinity":81,"s:263:2:274:Infinity":82,"s:264:21:264:46":83,"s:266:25:266:74":84,"f:266:47:266:51":11,"s:266:55:266:73":85,"s:268:4:270:Infinity":86,"s:272:4:272:Infinity":87,"s:273:4:273:Infinity":88,"s:283:31:296:1":89,"f:283:31:283:36":12,"b:284:2:286:Infinity:undefined:undefined:undefined:undefined":16,"s:284:2:286:Infinity":90,"s:285:4:285:Infinity":91,"s:288:2:295:Infinity":92,"s:289:4:291:Infinity":93,"s:293:4:293:Infinity":94,"s:294:4:294:Infinity":95,"s:306:37:343:1":96,"f:306:37:306:42":13,"b:307:2:309:Infinity:undefined:undefined:undefined:undefined":17,"s:307:2:309:Infinity":97,"s:308:4:308:Infinity":98,"s:311:2:342:Infinity":99,"s:313:21:313:46":100,"s:314:17:314:58":101,"f:314:37:314:38":14,"s:314:42:314:57":102,"b:316:4:318:Infinity:undefined:undefined:undefined:undefined":18,"s:316:4:318:Infinity":103,"s:317:6:317:Infinity":104,"s:321:21:321:54":105,"s:324:22:328:5":106,"s:331:25:331:55":107,"s:334:23:334:60":108,"s:335:4:338:Infinity":109,"s:340:4:340:Infinity":110,"s:341:4:341:Infinity":111}}}
,"/Users/richardwoollcott/conductor/workspaces/guardkit-examples/bullard-v1/kartlog/src/lib/firestore/packTemplates.js": {"path":"/Users/richardwoollcott/conductor/workspaces/guardkit-examples/bullard-v1/kartlog/src/lib/firestore/packTemplates.js","statementMap":{"0":{"start":{"line":21,"column":31},"end":{"line":52,"column":1}},"1":{"start":{"line":22,"column":2},"end":{"line":24,"column":null}},"2":{"start":{"line":23,"column":4},"end":{"line":23,"column":null}},"3":{"start":{"line":26,"column":2},"end":{"line":51,"column":null}},"4":{"start":{"line":28,"column":32},"end":{"line":31,"column":7}},"5":{"start":{"line":28,"column":55},"end":{"line":31,"column":5}},"6":{"start":{"line":33,"column":27},"end":{"line":36,"column":7}},"7":{"start":{"line":33,"column":46},"end":{"line":36,"column":5}},"8":{"start":{"line":38,"column":19},"end":{"line":45,"column":6}},"9":{"start":{"line":47,"column":4},"end":{"line":47,"column":null}},"10":{"start":{"line":49,"column":4},"end":{"line":49,"column":null}},"11":{"start":{"line":50,"column":4},"end":{"line":50,"column":null}},"12":{"start":{"line":59,"column":36},"end":{"line":80,"column":1}},"13":{"start":{"line":60,"column":2},"end":{"line":62,"column":null}},"14":{"start":{"line":61,"column":4},"end":{"line":61,"column":null}},"15":{"start":{"line":64,"column":2},"end":{"line":79,"column":null}},"16":{"start":{"line":65,"column":13},"end":{"line":69,"column":5}},"17":{"start":{"line":71,"column":26},"end":{"line":71,"column":42}},"18":{"start":{"line":72,"column":4},"end":{"line":75,"column":null}},"19":{"start":{"line":72,"column":42},"end":{"line":75,"column":5}},"20":{"start":{"line":77,"column":4},"end":{"line":77,"column":null}},"21":{"start":{"line":78,"column":4},"end":{"line":78,"column":null}},"22":{"start":{"line":88,"column":31},"end":{"line":115,"column":1}},"23":{"start":{"line":89,"column":2},"end":{"line":91,"column":null}},"24":{"start":{"line":90,"column":4},"end":{"line":90,"column":null}},"25":{"start":{"line":93,"column":2},"end":{"line":114,"column":null}},"26":{"start":{"line":94,"column":23},"end":{"line":94,"column":60}},"27":{"start":{"line":95,"column":25},"end":{"line":95,"column":50}},"28":{"start":{"line":97,"column":4},"end":{"line":99,"column":null}},"29":{"start":{"line":98,"column":6},"end":{"line":98,"column":null}},"30":{"start":{"line":101,"column":25},"end":{"line":101,"column":44}},"31":{"start":{"line":103,"column":4},"end":{"line":105,"column":null}},"32":{"start":{"line":104,"column":6},"end":{"line":104,"column":null}},"33":{"start":{"line":107,"column":4},"end":{"line":110,"column":null}},"34":{"start":{"line":112,"column":4},"end":{"line":112,"column":null}},"35":{"start":{"line":113,"column":4},"end":{"line":113,"column":null}},"36":{"start":{"line":124,"column":34},"end":{"line":145,"column":1}},"37":{"start":{"line":125,"column":2},"end":{"line":127,"column":null}},"38":{"start":{"line":126,"column":4},"end":{"line":126,"column":null}},"39":{"start":{"line":129,"column":2},"end":{"line":144,"column":null}},"40":{"start":{"line":131,"column":21},"end":{"line":131,"column":54}},"41":{"start":{"line":132,"column":4},"end":{"line":134,"column":null}},"42":{"start":{"line":133,"column":6},"end":{"line":133,"column":null}},"43":{"start":{"line":136,"column":23},"end":{"line":136,"column":60}},"44":{"start":{"line":137,"column":4},"end":{"line":140,"column":null}},"45":{"start":{"line":142,"column":4},"end":{"line":142,"column":null}},"46":{"start":{"line":143,"column":4},"end":{"line":143,"column":null}},"47":{"start":{"line":153,"column":34},"end":{"line":170,"column":1}},"48":{"start":{"line":154,"column":2},"end":{"line":156,"column":null}},"49":{"start":{"line":155,"column":4},"end":{"line":155,"column":null}},"50":{"start":{"line":158,"column":2},"end":{"line":169,"column":null}},"51":{"start":{"line":160,"column":21},"end":{"line":160,"column":54}},"52":{"start":{"line":161,"column":4},"end":{"line":163,"column":null}},"53":{"start":{"line":162,"column":6},"end":{"line":162,"column":null}},"54":{"start":{"line":165,"column":4},"end":{"line":165,"column":null}},"55":{"start":{"line":167,"column":4},"end":{"line":167,"column":null}},"56":{"start":{"line":168,"column":4},"end":{"line":168,"column":null}},"57":{"start":{"line":179,"column":37},"end":{"line":201,"column":1}},"58":{"start":{"line":180,"column":2},"end":{"line":182,"column":null}},"59":{"start":{"line":181,"column":4},"end":{"line":181,"column":null}},"60":{"start":{"line":184,"column":2},"end":{"line":200,"column":null}},"61":{"start":{"line":185,"column":21},"end":{"line":185,"column":54}},"62":{"start":{"line":187,"column":24},"end":{"line":190,"column":5}},"63":{"start":{"line":192,"column":30},"end":{"line":192,"column":67}},"64":{"start":{"line":194,"column":4},"end":{"line":196,"column":null}},"65":{"start":{"line":198,"column":4},"end":{"line":198,"column":null}},"66":{"start":{"line":199,"column":4},"end":{"line":199,"column":null}},"67":{"start":{"line":210,"column":33},"end":{"line":232,"column":1}},"68":{"start":{"line":211,"column":2},"end":{"line":213,"column":null}},"69":{"start":{"line":212,"column":4},"end":{"line":212,"column":null}},"70":{"start":{"line":215,"column":2},"end":{"line":231,"column":null}},"71":{"start":{"line":216,"column":21},"end":{"line":216,"column":54}},"72":{"start":{"line":218,"column":20},"end":{"line":221,"column":5}},"73":{"start":{"line":223,"column":25},"end":{"line":223,"column":53}},"74":{"start":{"line":225,"column":4},"end":{"line":227,"column":null}},"75":{"start":{"line":229,"column":4},"end":{"line":229,"column":null}},"76":{"start":{"line":230,"column":4},"end":{"line":230,"column":null}},"77":{"start":{"line":241,"column":38},"end":{"line":258,"column":1}},"78":{"start":{"line":242,"column":2},"end":{"line":244,"column":null}},"79":{"start":{"line":243,"column":4},"end":{"line":243,"column":null}},"80":{"start":{"line":246,"column":2},"end":{"line":257,"column":null}},"81":{"start":{"line":247,"column":21},"end":{"line":247,"column":54}},"82":{"start":{"line":249,"column":25},"end":{"line":249,"column":74}},"83":{"start":{"line":249,"column":55},"end":{"line":249,"column":73}},"84":{"start":{"line":251,"column":4},"end":{"line":253,"column":null}},"85":{"start":{"line":255,"column":4},"end":{"line":255,"column":null}},"86":{"start":{"line":256,"column":4},"end":{"line":256,"column":null}}},"fnMap":{"0":{"name":"(anonymous_0)","decl":{"start":{"line":21,"column":31},"end":{"line":21,"column":36}},"loc":{"start":{"line":21,"column":89},"end":{"line":52,"column":1}},"line":21},"1":{"name":"(anonymous_1)","decl":{"start":{"line":28,"column":47},"end":{"line":28,"column":50}},"loc":{"start":{"line":28,"column":55},"end":{"line":31,"column":5}},"line":28},"2":{"name":"(anonymous_2)","decl":{"start":{"line":33,"column":37},"end":{"line":33,"column":41}},"loc":{"start":{"line":33,"column":46},"end":{"line":36,"column":5}},"line":33},"3":{"name":"(anonymous_3)","decl":{"start":{"line":59,"column":36},"end":{"line":59,"column":41}},"loc":{"start":{"line":59,"column":48},"end":{"line":80,"column":1}},"line":59},"4":{"name":"(anonymous_4)","decl":{"start":{"line":72,"column":34},"end":{"line":72,"column":37}},"loc":{"start":{"line":72,"column":42},"end":{"line":75,"column":5}},"line":72},"5":{"name":"(anonymous_5)","decl":{"start":{"line":88,"column":31},"end":{"line":88,"column":36}},"loc":{"start":{"line":88,"column":53},"end":{"line":115,"column":1}},"line":88},"6":{"name":"(anonymous_6)","decl":{"start":{"line":124,"column":34},"end":{"line":124,"column":39}},"loc":{"start":{"line":124,"column":62},"end":{"line":145,"column":1}},"line":124},"7":{"name":"(anonymous_7)","decl":{"start":{"line":153,"column":34},"end":{"line":153,"column":39}},"loc":{"start":{"line":153,"column":56},"end":{"line":170,"column":1}},"line":153},"8":{"name":"(anonymous_8)","decl":{"start":{"line":179,"column":37},"end":{"line":179,"column":42}},"loc":{"start":{"line":179,"column":69},"end":{"line":201,"column":1}},"line":179},"9":{"name":"(anonymous_9)","decl":{"start":{"line":210,"column":33},"end":{"line":210,"column":38}},"loc":{"start":{"line":210,"column":61},"end":{"line":232,"column":1}},"line":210},"10":{"name":"(anonymous_10)","decl":{"start":{"line":241,"column":38},"end":{"line":241,"column":43}},"loc":{"start":{"line":241,"column":68},"end":{"line":258,"column":1}},"line":241},"11":{"name":"(anonymous_11)","decl":{"start":{"line":249,"column":47},"end":{"line":249,"column":51}},"loc":{"start":{"line":249,"column":55},"end":{"line":249,"column":73}},"line":249}},"branchMap":{"0":{"loc":{"start":{"line":21,"column":57},"end":{"line":21,"column":72}},"type":"default-arg","locations":[{"start":{"line":21,"column":70},"end":{"line":21,"column":72}}],"line":21},"1":{"loc":{"start":{"line":21,"column":74},"end":{"line":21,"column":84}},"type":"default-arg","locations":[{"start":{"line":21,"column":82},"end":{"line":21,"column":84}}],"line":21},"2":{"loc":{"start":{"line":22,"column":2},"end":{"line":24,"column":null}},"type":"if","locations":[{"start":{"line":22,"column":2},"end":{"line":24,"column":null}},{"start":{},"end":{}}],"line":22},"3":{"loc":{"start":{"line":30,"column":10},"end":{"line":30,"column":null}},"type":"binary-expr","locations":[{"start":{"line":30,"column":10},"end":{"line":30,"column":16}},{"start":{"line":30,"column":20},"end":{"line":30,"column":null}}],"line":30},"4":{"loc":{"start":{"line":35,"column":10},"end":{"line":35,"column":null}},"type":"binary-expr","locations":[{"start":{"line":35,"column":10},"end":{"line":35,"column":17}},{"start":{"line":35,"column":21},"end":{"line":35,"column":null}}],"line":35},"5":{"loc":{"start":{"line":41,"column":19},"end":{"line":41,"column":36}},"type":"binary-expr","locations":[{"start":{"line":41,"column":19},"end":{"line":41,"column":30}},{"start":{"line":41,"column":34},"end":{"line":41,"column":36}}],"line":41},"6":{"loc":{"start":{"line":60,"column":2},"end":{"line":62,"column":null}},"type":"if","locations":[{"start":{"line":60,"column":2},"end":{"line":62,"column":null}},{"start":{},"end":{}}],"line":60},"7":{"loc":{"start":{"line":89,"column":2},"end":{"line":91,"column":null}},"type":"if","locations":[{"start":{"line":89,"column":2},"end":{"line":91,"column":null}},{"start":{},"end":{}}],"line":89},"8":{"loc":{"start":{"line":97,"column":4},"end":{"line":99,"column":null}},"type":"if","locations":[{"start":{"line":97,"column":4},"end":{"line":99,"column":null}},{"start":{},"end":{}}],"line":97},"9":{"loc":{"start":{"line":103,"column":4},"end":{"line":105,"column":null}},"type":"if","locations":[{"start":{"line":103,"column":4},"end":{"line":105,"column":null}},{"start":{},"end":{}}],"line":103},"10":{"loc":{"start":{"line":125,"column":2},"end":{"line":127,"column":null}},"type":"if","locations":[{"start":{"line":125,"column":2},"end":{"line":127,"column":null}},{"start":{},"end":{}}],"line":125},"11":{"loc":{"start":{"line":132,"column":4},"end":{"line":134,"column":null}},"type":"if","locations":[{"start":{"line":132,"column":4},"end":{"line":134,"column":null}},{"start":{},"end":{}}],"line":132},"12":{"loc":{"start":{"line":154,"column":2},"end":{"line":156,"column":null}},"type":"if","locations":[{"start":{"line":154,"column":2},"end":{"line":156,"column":null}},{"start":{},"end":{}}],"line":154},"13":{"loc":{"start":{"line":161,"column":4},"end":{"line":163,"column":null}},"type":"if","locations":[{"start":{"line":161,"column":4},"end":{"line":163,"column":null}},{"start":{},"end":{}}],"line":161},"14":{"loc":{"start":{"line":180,"column":2},"end":{"line":182,"column":null}},"type":"if","locations":[{"start":{"line":180,"column":2},"end":{"line":182,"column":null}},{"start":{},"end":{}}],"line":180},"15":{"loc":{"start":{"line":189,"column":10},"end":{"line":189,"column":null}},"type":"binary-expr","locations":[{"start":{"line":189,"column":10},"end":{"line":189,"column":21}},{"start":{"line":189,"column":25},"end":{"line":189,"column":null}}],"line":189},"16":{"loc":{"start":{"line":211,"column":2},"end":{"line":213,"column":null}},"type":"if","locations":[{"start":{"line":211,"column":2},"end":{"line":213,"column":null}},{"start":{},"end":{}}],"line":211},"17":{"loc":{"start":{"line":220,"column":10},"end":{"line":220,"column":null}},"type":"binary-expr","locations":[{"start":{"line":220,"column":10},"end":{"line":220,"column":17}},{"start":{"line":220,"column":21},"end":{"line":220,"column":null}}],"line":220},"18":{"loc":{"start":{"line":242,"column":2},"end":{"line":244,"column":null}},"type":"if","locations":[{"start":{"line":242,"column":2},"end":{"line":244,"column":null}},{"start":{},"end":{}}],"line":242}},"s":{"0":2,"1":48,"2":1,"3":47,"4":47,"5":7,"6":47,"7":18,"8":47,"9":47,"10":0,"11":0,"12":2,"13":3,"14":0,"15":3,"16":3,"17":3,"18":3,"19":4,"20":0,"21":0,"22":2,"23":67,"24":0,"25":67,"26":67,"27":67,"28":67,"29":3,"30":64,"31":64,"32":3,"33":61,"34":6,"35":6,"36":2,"37":9,"38":0,"39":9,"40":9,"41":8,"42":0,"43":8,"44":8,"45":1,"46":1,"47":2,"48":2,"49":0,"50":2,"51":2,"52":1,"53":0,"54":1,"55":1,"56":1,"57":2,"58":2,"59":0,"60":2,"61":2,"62":2,"63":2,"64":2,"65":0,"66":0,"67":2,"68":2,"69":0,"70":2,"71":2,"72":2,"73":2,"74":2,"75":0,"76":0,"77":2,"78":2,"79":0,"80":2,"81":2,"82":2,"83":3,"84":2,"85":0,"86":0},"f":{"0":48,"1":7,"2":18,"3":3,"4":4,"5":67,"6":9,"7":2,"8":2,"9":2,"10":2,"11":3},"b":{"0":[48],"1":[48],"2":[1,47],"3":[7,1],"4":[18,0],"5":[47,0],"6":[0,3],"7":[0,67],"8":[3,64],"9":[3,61],"10":[0,9],"11":[0,8],"12":[0,2],"13":[0,1],"14":[0,2],"15":[2,1],"16":[0,2],"17":[2,2],"18":[0,2]},"meta":{"lastBranch":19,"lastFunction":12,"lastStatement":87,"seen":{"s:21:31:52:1":0,"f:21:31:21:36":0,"b:21:70:21:72":0,"b:21:82:21:84":1,"b:22:2:24:Infinity:undefined:undefined:undefined:undefined":2,"s:22:2:24:Infinity":1,"s:23:4:23:Infinity":2,"s:26:2:51:Infinity":3,"s:28:32:31:7":4,"f:28:47:28:50":1,"s:28:55:31:5":5,"b:30:10:30:16:30:20:30:Infinity":3,"s:33:27:36:7":6,"f:33:37:33:41":2,"s:33:46:36:5":7,"b:35:10:35:17:35:21:35:Infinity":4,"s:38:19:45:6":8,"b:41:19:41:30:41:34:41:36":5,"s:47:4:47:Infinity":9,"s:49:4:49:Infinity":10,"s:50:4:50:Infinity":11,"s:59:36:80:1":12,"f:59:36:59:41":3,"b:60:2:62:Infinity:undefined:undefined:undefined:undefined":6,"s:60:2:62:Infinity":13,"s:61:4:61:Infinity":14,"s:64:2:79:Infinity":15,"s:65:13:69:5":16,"s:71:26:71:42":17,"s:72:4:75:Infinity":18,"f:72:34:72:37":4,"s:72:42:75:5":19,"s:77:4:77:Infinity":20,"s:78:4:78:Infinity":21,"s:88:31:115:1":22,"f:88:31:88:36":5,"b:89:2:91:Infinity:undefined:undefined:undefined:undefined":7,"s:89:2:91:Infinity":23,"s:90:4:90:Infinity":24,"s:93:2:114:Infinity":25,"s:94:23:94:60":26,"s:95:25:95:50":27,"b:97:4:99:Infinity:undefined:undefined:undefined:undefined":8,"s:97:4:99:Infinity":28,"s:98:6:98:Infinity":29,"s:101:25:101:44":30,"b:103:4:105:Infinity:undefined:undefined:undefined:undefined":9,"s:103:4:105:Infinity":31,"s:104:6:104:Infinity":32,"s:107:4:110:Infinity":33,"s:112:4:112:Infinity":34,"s:113:4:113:Infinity":35,"s:124:34:145:1":36,"f:124:34:124:39":6,"b:125:2:127:Infinity:undefined:undefined:undefined:undefined":10,"s:125:2:127:Infinity":37,"s:126:4:126:Infinity":38,"s:129:2:144:Infinity":39,"s:131:21:131:54":40,"b:132:4:134:Infinity:undefined:undefined:undefined:undefined":11,"s:132:4:134:Infinity":41,"s:133:6:133:Infinity":42,"s:136:23:136:60":43,"s:137:4:140:Infinity":44,"s:142:4:142:Infinity":45,"s:143:4:143:Infinity":46,"s:153:34:170:1":47,"f:153:34:153:39":7,"b:154:2:156:Infinity:undefined:undefined:undefined:undefined":12,"s:154:2:156:Infinity":48,"s:155:4:155:Infinity":49,"s:158:2:169:Infinity":50,"s:160:21:160:54":51,"b:161:4:163:Infinity:undefined:undefined:undefined:undefined":13,"s:161:4:163:Infinity":52,"s:162:6:162:Infinity":53,"s:165:4:165:Infinity":54,"s:167:4:167:Infinity":55,"s:168:4:168:Infinity":56,"s:179:37:201:1":57,"f:179:37:179:42":8,"b:180:2:182:Infinity:undefined:undefined:undefined:undefined":14,"s:180:2:182:Infinity":58,"s:181:4:181:Infinity":59,"s:184:2:200:Infinity":60,"s:185:21:185:54":61,"s:187:24:190:5":62,"b:189:10:189:21:189:25:189:Infinity":15,"s:192:30:192:67":63,"s:194:4:196:Infinity":64,"s:198:4:198:Infinity":65,"s:199:4:199:Infinity":66,"s:210:33:232:1":67,"f:210:33:210:38":9,"b:211:2:213:Infinity:undefined:undefined:undefined:undefined":16,"s:211:2:213:Infinity":68,"s:212:4:212:Infinity":69,"s:215:2:231:Infinity":70,"s:216:21:216:54":71,"s:218:20:221:5":72,"b:220:10:220:17:220:21:220:Infinity":17,"s:223:25:223:53":73,"s:225:4:227:Infinity":74,"s:229:4:229:Infinity":75,"s:230:4:230:Infinity":76,"s:241:38:258:1":77,"f:241:38:241:43":10,"b:242:2:244:Infinity:undefined:undefined:undefined:undefined":18,"s:242:2:244:Infinity":78,"s:243:4:243:Infinity":79,"s:246:2:257:Infinity":80,"s:247:21:247:54":81,"s:249:25:249:74":82,"f:249:47:249:51":11,"s:249:55:249:73":83,"s:251:4:253:Infinity":84,"s:255:4:255:Infinity":85,"s:256:4:256:Infinity":86}}}
,"/Users/richardwoollcott/conductor/workspaces/guardkit-examples/bullard-v1/kartlog/src/lib/firestore-mock/firebase.js": {"path":"/Users/richardwoollcott/conductor/workspaces/guardkit-examples/bullard-v1/kartlog/src/lib/firestore-mock/firebase.js","statementMap":{"0":{"start":{"line":10,"column":4},"end":{"line":10,"column":null}},"1":{"start":{"line":11,"column":4},"end":{"line":11,"column":null}},"2":{"start":{"line":15,"column":4},"end":{"line":25,"column":null}},"3":{"start":{"line":16,"column":21},"end":{"line":16,"column":62}},"4":{"start":{"line":17,"column":6},"end":{"line":22,"column":null}},"5":{"start":{"line":18,"column":21},"end":{"line":18,"column":39}},"6":{"start":{"line":19,"column":8},"end":{"line":21,"column":null}},"7":{"start":{"line":20,"column":10},"end":{"line":20,"column":null}},"8":{"start":{"line":24,"column":6},"end":{"line":24,"column":null}},"9":{"start":{"line":29,"column":4},"end":{"line":37,"column":null}},"10":{"start":{"line":30,"column":19},"end":{"line":30,"column":21}},"11":{"start":{"line":31,"column":6},"end":{"line":33,"column":null}},"12":{"start":{"line":32,"column":8},"end":{"line":32,"column":null}},"13":{"start":{"line":34,"column":6},"end":{"line":34,"column":null}},"14":{"start":{"line":36,"column":6},"end":{"line":36,"column":null}},"15":{"start":{"line":41,"column":4},"end":{"line":43,"column":null}},"16":{"start":{"line":42,"column":6},"end":{"line":42,"column":null}},"17":{"start":{"line":44,"column":4},"end":{"line":44,"column":null}},"18":{"start":{"line":48,"column":4},"end":{"line":48,"column":null}},"19":{"start":{"line":49,"column":4},"end":{"line":49,"column":null}},"20":{"start":{"line":54,"column":15},"end":{"line":54,"column":36}},"21":{"start":{"line":62,"column":4},"end":{"line":62,"column":null}},"22":{"start":{"line":66,"column":4},"end":{"line":66,"column":null}},"23":{"start":{"line":70,"column":4},"end":{"line":70,"column":null}},"24":{"start":{"line":74,"column":4},"end":{"line":74,"column":null}},"25":{"start":{"line":79,"column":17},"end":{"line":79,"column":31}},"26":{"start":{"line":86,"column":19},"end":{"line":86,"column":83}},"27":{"start":{"line":86,"column":25},"end":{"line":86,"column":83}},"28":{"start":{"line":89,"column":26},"end":{"line":91,"column":1}},"29":{"start":{"line":90,"column":2},"end":{"line":90,"column":null}},"30":{"start":{"line":94,"column":22},"end":{"line":109,"column":1}},"31":{"start":{"line":95,"column":25},"end":{"line":95,"column":54}},"32":{"start":{"line":96,"column":15},"end":{"line":96,"column":51}},"33":{"start":{"line":97,"column":13},"end":{"line":97,"column":25}},"34":{"start":{"line":99,"column":14},"end":{"line":103,"column":3}},"35":{"start":{"line":105,"column":2},"end":{"line":105,"column":null}},"36":{"start":{"line":106,"column":2},"end":{"line":106,"column":null}},"37":{"start":{"line":108,"column":2},"end":{"line":108,"column":null}},"38":{"start":{"line":112,"column":23},"end":{"line":160,"column":1}},"39":{"start":{"line":113,"column":25},"end":{"line":113,"column":49}},"40":{"start":{"line":114,"column":15},"end":{"line":114,"column":51}},"41":{"start":{"line":116,"column":13},"end":{"line":120,"column":5}},"42":{"start":{"line":116,"column":61},"end":{"line":120,"column":3}},"43":{"start":{"line":118,"column":16},"end":{"line":118,"column":20}},"44":{"start":{"line":119,"column":18},"end":{"line":119,"column":null}},"45":{"start":{"line":123,"column":2},"end":{"line":137,"column":null}},"46":{"start":{"line":124,"column":4},"end":{"line":136,"column":null}},"47":{"start":{"line":125,"column":19},"end":{"line":125,"column":29}},"48":{"start":{"line":126,"column":6},"end":{"line":135,"column":null}},"49":{"start":{"line":127,"column":35},"end":{"line":127,"column":36}},"50":{"start":{"line":128,"column":8},"end":{"line":128,"column":null}},"51":{"start":{"line":128,"column":25},"end":{"line":128,"column":null}},"52":{"start":{"line":129,"column":8},"end":{"line":129,"column":null}},"53":{"start":{"line":129,"column":25},"end":{"line":129,"column":null}},"54":{"start":{"line":130,"column":8},"end":{"line":130,"column":null}},"55":{"start":{"line":130,"column":24},"end":{"line":130,"column":null}},"56":{"start":{"line":131,"column":8},"end":{"line":131,"column":null}},"57":{"start":{"line":131,"column":25},"end":{"line":131,"column":null}},"58":{"start":{"line":132,"column":8},"end":{"line":132,"column":null}},"59":{"start":{"line":132,"column":24},"end":{"line":132,"column":null}},"60":{"start":{"line":133,"column":8},"end":{"line":133,"column":null}},"61":{"start":{"line":133,"column":25},"end":{"line":133,"column":null}},"62":{"start":{"line":134,"column":8},"end":{"line":134,"column":null}},"63":{"start":{"line":140,"column":2},"end":{"line":153,"column":null}},"64":{"start":{"line":141,"column":4},"end":{"line":152,"column":null}},"65":{"start":{"line":142,"column":6},"end":{"line":151,"column":null}},"66":{"start":{"line":143,"column":21},"end":{"line":143,"column":36}},"67":{"start":{"line":144,"column":21},"end":{"line":144,"column":36}},"68":{"start":{"line":146,"column":25},"end":{"line":146,"column":26}},"69":{"start":{"line":147,"column":8},"end":{"line":147,"column":null}},"70":{"start":{"line":147,"column":25},"end":{"line":147,"column":null}},"71":{"start":{"line":148,"column":8},"end":{"line":148,"column":null}},"72":{"start":{"line":148,"column":25},"end":{"line":148,"column":null}},"73":{"start":{"line":150,"column":8},"end":{"line":150,"column":null}},"74":{"start":{"line":155,"column":2},"end":{"line":159,"column":null}},"75":{"start":{"line":163,"column":22},"end":{"line":174,"column":1}},"76":{"start":{"line":164,"column":25},"end":{"line":164,"column":47}},"77":{"start":{"line":165,"column":16},"end":{"line":165,"column":29}},"78":{"start":{"line":166,"column":15},"end":{"line":166,"column":51}},"79":{"start":{"line":167,"column":15},"end":{"line":167,"column":30}},"80":{"start":{"line":169,"column":2},"end":{"line":173,"column":null}},"81":{"start":{"line":171,"column":18},"end":{"line":171,"column":24}},"82":{"start":{"line":172,"column":16},"end":{"line":172,"column":null}},"83":{"start":{"line":177,"column":19},"end":{"line":179,"column":1}},"84":{"start":{"line":178,"column":2},"end":{"line":178,"column":null}},"85":{"start":{"line":182,"column":25},"end":{"line":200,"column":1}},"86":{"start":{"line":183,"column":25},"end":{"line":183,"column":47}},"87":{"start":{"line":184,"column":16},"end":{"line":184,"column":29}},"88":{"start":{"line":185,"column":15},"end":{"line":185,"column":51}},"89":{"start":{"line":186,"column":19},"end":{"line":186,"column":34}},"90":{"start":{"line":188,"column":2},"end":{"line":190,"column":null}},"91":{"start":{"line":189,"column":4},"end":{"line":189,"column":null}},"92":{"start":{"line":192,"column":18},"end":{"line":196,"column":3}},"93":{"start":{"line":198,"column":2},"end":{"line":198,"column":null}},"94":{"start":{"line":199,"column":2},"end":{"line":199,"column":null}},"95":{"start":{"line":203,"column":25},"end":{"line":210,"column":1}},"96":{"start":{"line":204,"column":25},"end":{"line":204,"column":47}},"97":{"start":{"line":205,"column":16},"end":{"line":205,"column":29}},"98":{"start":{"line":206,"column":15},"end":{"line":206,"column":51}},"99":{"start":{"line":208,"column":2},"end":{"line":208,"column":null}},"100":{"start":{"line":209,"column":2},"end":{"line":209,"column":null}},"101":{"start":{"line":213,"column":21},"end":{"line":229,"column":1}},"102":{"start":{"line":214,"column":19},"end":{"line":218,"column":3}},"103":{"start":{"line":220,"column":2},"end":{"line":226,"column":null}},"104":{"start":{"line":221,"column":4},"end":{"line":225,"column":null}},"105":{"start":{"line":222,"column":6},"end":{"line":222,"column":null}},"106":{"start":{"line":223,"column":11},"end":{"line":225,"column":null}},"107":{"start":{"line":224,"column":6},"end":{"line":224,"column":null}},"108":{"start":{"line":228,"column":2},"end":{"line":228,"column":null}},"109":{"start":{"line":232,"column":21},"end":{"line":237,"column":1}},"110":{"start":{"line":233,"column":2},"end":{"line":236,"column":null}},"111":{"start":{"line":240,"column":23},"end":{"line":245,"column":1}},"112":{"start":{"line":241,"column":2},"end":{"line":244,"column":null}},"113":{"start":{"line":248,"column":25},"end":{"line":259,"column":1}},"114":{"start":{"line":249,"column":14},"end":{"line":253,"column":3}},"115":{"start":{"line":250,"column":18},"end":{"line":250,"column":28}},"116":{"start":{"line":254,"column":23},"end":{"line":258,"column":3}},"117":{"start":{"line":255,"column":18},"end":{"line":255,"column":22}},"118":{"start":{"line":262,"column":26},"end":{"line":287,"column":1}},"119":{"start":{"line":264,"column":2},"end":{"line":268,"column":null}},"120":{"start":{"line":265,"column":4},"end":{"line":265,"column":null}},"121":{"start":{"line":267,"column":4},"end":{"line":267,"column":null}},"122":{"start":{"line":267,"column":23},"end":{"line":267,"column":null}},"123":{"start":{"line":271,"column":26},"end":{"line":279,"column":3}},"124":{"start":{"line":272,"column":4},"end":{"line":278,"column":null}},"125":{"start":{"line":273,"column":6},"end":{"line":277,"column":null}},"126":{"start":{"line":274,"column":8},"end":{"line":274,"column":null}},"127":{"start":{"line":276,"column":8},"end":{"line":276,"column":null}},"128":{"start":{"line":276,"column":27},"end":{"line":276,"column":null}},"129":{"start":{"line":281,"column":2},"end":{"line":281,"column":null}},"130":{"start":{"line":284,"column":2},"end":{"line":286,"column":null}},"131":{"start":{"line":285,"column":4},"end":{"line":285,"column":null}},"132":{"start":{"line":293,"column":16},"end":{"line":298,"column":1}},"133":{"start":{"line":300,"column":29},"end":{"line":303,"column":1}},"134":{"start":{"line":301,"column":2},"end":{"line":301,"column":null}},"135":{"start":{"line":302,"column":2},"end":{"line":302,"column":null}},"136":{"start":{"line":305,"column":23},"end":{"line":307,"column":1}},"137":{"start":{"line":306,"column":2},"end":{"line":306,"column":null}},"138":{"start":{"line":309,"column":28},"end":{"line":311,"column":1}},"139":{"start":{"line":310,"column":2},"end":{"line":310,"column":null}},"140":{"start":{"line":317,"column":20},"end":{"line":317,"column":28}},"141":{"start":{"line":318,"column":18},"end":{"line":318,"column":24}},"142":{"start":{"line":324,"column":27},"end":{"line":329,"column":1}},"143":{"start":{"line":325,"column":2},"end":{"line":328,"column":null}},"144":{"start":{"line":331,"column":29},"end":{"line":333,"column":1}},"145":{"start":{"line":332,"column":2},"end":{"line":332,"column":null}},"146":{"start":{"line":335,"column":29},"end":{"line":337,"column":1}},"147":{"start":{"line":336,"column":2},"end":{"line":336,"column":null}},"148":{"start":{"line":339,"column":30},"end":{"line":345,"column":1}},"149":{"start":{"line":340,"column":15},"end":{"line":340,"column":17}},"150":{"start":{"line":341,"column":2},"end":{"line":343,"column":null}},"151":{"start":{"line":342,"column":4},"end":{"line":342,"column":null}},"152":{"start":{"line":344,"column":2},"end":{"line":344,"column":null}},"153":{"start":{"line":347,"column":30},"end":{"line":356,"column":1}},"154":{"start":{"line":348,"column":2},"end":{"line":348,"column":null}},"155":{"start":{"line":349,"column":2},"end":{"line":354,"column":null}},"156":{"start":{"line":350,"column":17},"end":{"line":350,"column":53}},"157":{"start":{"line":351,"column":4},"end":{"line":353,"column":null}},"158":{"start":{"line":352,"column":6},"end":{"line":352,"column":null}},"159":{"start":{"line":355,"column":2},"end":{"line":355,"column":null}}},"fnMap":{"0":{"name":"(anonymous_0)","decl":{"start":{"line":9,"column":2},"end":{"line":9,"column":13}},"loc":{"start":{"line":9,"column":16},"end":{"line":12,"column":null}},"line":9},"1":{"name":"(anonymous_1)","decl":{"start":{"line":14,"column":2},"end":{"line":14,"column":10}},"loc":{"start":{"line":14,"column":13},"end":{"line":26,"column":null}},"line":14},"2":{"name":"(anonymous_2)","decl":{"start":{"line":19,"column":37},"end":{"line":19,"column":38}},"loc":{"start":{"line":19,"column":65},"end":{"line":21,"column":9}},"line":19},"3":{"name":"(anonymous_3)","decl":{"start":{"line":28,"column":2},"end":{"line":28,"column":10}},"loc":{"start":{"line":28,"column":13},"end":{"line":38,"column":null}},"line":28},"4":{"name":"(anonymous_4)","decl":{"start":{"line":31,"column":31},"end":{"line":31,"column":32}},"loc":{"start":{"line":31,"column":57},"end":{"line":33,"column":7}},"line":31},"5":{"name":"(anonymous_5)","decl":{"start":{"line":40,"column":2},"end":{"line":40,"column":15}},"loc":{"start":{"line":40,"column":22},"end":{"line":45,"column":null}},"line":40},"6":{"name":"(anonymous_6)","decl":{"start":{"line":47,"column":2},"end":{"line":47,"column":10}},"loc":{"start":{"line":47,"column":13},"end":{"line":50,"column":null}},"line":47},"7":{"name":"(anonymous_7)","decl":{"start":{"line":61,"column":2},"end":{"line":61,"column":13}},"loc":{"start":{"line":61,"column":16},"end":{"line":63,"column":null}},"line":61},"8":{"name":"(anonymous_8)","decl":{"start":{"line":65,"column":6},"end":{"line":65,"column":17}},"loc":{"start":{"line":65,"column":20},"end":{"line":67,"column":null}},"line":65},"9":{"name":"(anonymous_9)","decl":{"start":{"line":69,"column":2},"end":{"line":69,"column":16}},"loc":{"start":{"line":69,"column":23},"end":{"line":71,"column":null}},"line":69},"10":{"name":"(anonymous_10)","decl":{"start":{"line":73,"column":2},"end":{"line":73,"column":9}},"loc":{"start":{"line":73,"column":12},"end":{"line":75,"column":null}},"line":73},"11":{"name":"(anonymous_11)","decl":{"start":{"line":86,"column":19},"end":{"line":86,"column":20}},"loc":{"start":{"line":86,"column":25},"end":{"line":86,"column":83}},"line":86},"12":{"name":"(anonymous_12)","decl":{"start":{"line":89,"column":26},"end":{"line":89,"column":27}},"loc":{"start":{"line":89,"column":50},"end":{"line":91,"column":1}},"line":89},"13":{"name":"(anonymous_13)","decl":{"start":{"line":94,"column":22},"end":{"line":94,"column":27}},"loc":{"start":{"line":94,"column":53},"end":{"line":109,"column":1}},"line":94},"14":{"name":"(anonymous_14)","decl":{"start":{"line":112,"column":23},"end":{"line":112,"column":28}},"loc":{"start":{"line":112,"column":43},"end":{"line":160,"column":1}},"line":112},"15":{"name":"(anonymous_15)","decl":{"start":{"line":116,"column":44},"end":{"line":116,"column":45}},"loc":{"start":{"line":116,"column":61},"end":{"line":120,"column":3}},"line":116},"16":{"name":"(anonymous_16)","decl":{"start":{"line":118,"column":10},"end":{"line":118,"column":11}},"loc":{"start":{"line":118,"column":16},"end":{"line":118,"column":20}},"line":118},"17":{"name":"(anonymous_17)","decl":{"start":{"line":119,"column":12},"end":{"line":119,"column":13}},"loc":{"start":{"line":119,"column":18},"end":{"line":119,"column":null}},"line":119},"18":{"name":"(anonymous_18)","decl":{"start":{"line":124,"column":23},"end":{"line":124,"column":26}},"loc":{"start":{"line":124,"column":30},"end":{"line":136,"column":5}},"line":124},"19":{"name":"(anonymous_19)","decl":{"start":{"line":126,"column":35},"end":{"line":126,"column":36}},"loc":{"start":{"line":126,"column":40},"end":{"line":135,"column":7}},"line":126},"20":{"name":"(anonymous_20)","decl":{"start":{"line":141,"column":30},"end":{"line":141,"column":31}},"loc":{"start":{"line":141,"column":54},"end":{"line":152,"column":5}},"line":141},"21":{"name":"(anonymous_21)","decl":{"start":{"line":142,"column":16},"end":{"line":142,"column":17}},"loc":{"start":{"line":142,"column":26},"end":{"line":151,"column":7}},"line":142},"22":{"name":"(anonymous_22)","decl":{"start":{"line":163,"column":22},"end":{"line":163,"column":27}},"loc":{"start":{"line":163,"column":40},"end":{"line":174,"column":1}},"line":163},"23":{"name":"(anonymous_23)","decl":{"start":{"line":171,"column":12},"end":{"line":171,"column":13}},"loc":{"start":{"line":171,"column":18},"end":{"line":171,"column":24}},"line":171},"24":{"name":"(anonymous_24)","decl":{"start":{"line":172,"column":10},"end":{"line":172,"column":11}},"loc":{"start":{"line":172,"column":16},"end":{"line":172,"column":null}},"line":172},"25":{"name":"(anonymous_25)","decl":{"start":{"line":177,"column":19},"end":{"line":177,"column":20}},"loc":{"start":{"line":177,"column":50},"end":{"line":179,"column":1}},"line":177},"26":{"name":"(anonymous_26)","decl":{"start":{"line":182,"column":25},"end":{"line":182,"column":30}},"loc":{"start":{"line":182,"column":52},"end":{"line":200,"column":1}},"line":182},"27":{"name":"(anonymous_27)","decl":{"start":{"line":203,"column":25},"end":{"line":203,"column":30}},"loc":{"start":{"line":203,"column":43},"end":{"line":210,"column":1}},"line":203},"28":{"name":"(anonymous_28)","decl":{"start":{"line":213,"column":21},"end":{"line":213,"column":22}},"loc":{"start":{"line":213,"column":56},"end":{"line":229,"column":1}},"line":213},"29":{"name":"(anonymous_29)","decl":{"start":{"line":220,"column":22},"end":{"line":220,"column":32}},"loc":{"start":{"line":220,"column":36},"end":{"line":226,"column":3}},"line":220},"30":{"name":"(anonymous_30)","decl":{"start":{"line":232,"column":21},"end":{"line":232,"column":22}},"loc":{"start":{"line":232,"column":43},"end":{"line":237,"column":1}},"line":232},"31":{"name":"(anonymous_31)","decl":{"start":{"line":240,"column":23},"end":{"line":240,"column":24}},"loc":{"start":{"line":240,"column":53},"end":{"line":245,"column":1}},"line":240},"32":{"name":"(anonymous_32)","decl":{"start":{"line":249,"column":7},"end":{"line":249,"column":8}},"loc":{"start":{"line":249,"column":14},"end":{"line":253,"column":3}},"line":249},"33":{"name":"(anonymous_33)","decl":{"start":{"line":250,"column":12},"end":{"line":250,"column":13}},"loc":{"start":{"line":250,"column":18},"end":{"line":250,"column":28}},"line":250},"34":{"name":"(anonymous_34)","decl":{"start":{"line":254,"column":12},"end":{"line":254,"column":13}},"loc":{"start":{"line":254,"column":23},"end":{"line":258,"column":3}},"line":254},"35":{"name":"(anonymous_35)","decl":{"start":{"line":255,"column":12},"end":{"line":255,"column":13}},"loc":{"start":{"line":255,"column":18},"end":{"line":255,"column":22}},"line":255},"36":{"name":"(anonymous_36)","decl":{"start":{"line":262,"column":26},"end":{"line":262,"column":27}},"loc":{"start":{"line":262,"column":65},"end":{"line":287,"column":1}},"line":262},"37":{"name":"(anonymous_37)","decl":{"start":{"line":264,"column":25},"end":{"line":264,"column":33}},"loc":{"start":{"line":264,"column":37},"end":{"line":266,"column":3}},"line":264},"38":{"name":"(anonymous_38)","decl":{"start":{"line":266,"column":11},"end":{"line":266,"column":16}},"loc":{"start":{"line":266,"column":20},"end":{"line":268,"column":3}},"line":266},"39":{"name":"(anonymous_39)","decl":{"start":{"line":271,"column":26},"end":{"line":271,"column":27}},"loc":{"start":{"line":271,"column":37},"end":{"line":279,"column":3}},"line":271},"40":{"name":"(anonymous_40)","decl":{"start":{"line":273,"column":29},"end":{"line":273,"column":37}},"loc":{"start":{"line":273,"column":41},"end":{"line":275,"column":7}},"line":273},"41":{"name":"(anonymous_41)","decl":{"start":{"line":275,"column":15},"end":{"line":275,"column":20}},"loc":{"start":{"line":275,"column":24},"end":{"line":277,"column":7}},"line":275},"42":{"name":"(anonymous_42)","decl":{"start":{"line":284,"column":9},"end":{"line":284,"column":10}},"loc":{"start":{"line":284,"column":15},"end":{"line":286,"column":3}},"line":284},"43":{"name":"(anonymous_43)","decl":{"start":{"line":300,"column":29},"end":{"line":300,"column":30}},"loc":{"start":{"line":300,"column":41},"end":{"line":303,"column":1}},"line":300},"44":{"name":"(anonymous_44)","decl":{"start":{"line":305,"column":23},"end":{"line":305,"column":24}},"loc":{"start":{"line":305,"column":32},"end":{"line":307,"column":1}},"line":305},"45":{"name":"(anonymous_45)","decl":{"start":{"line":309,"column":28},"end":{"line":309,"column":29}},"loc":{"start":{"line":309,"column":37},"end":{"line":311,"column":1}},"line":309},"46":{"name":"(anonymous_46)","decl":{"start":{"line":324,"column":27},"end":{"line":324,"column":28}},"loc":{"start":{"line":324,"column":55},"end":{"line":329,"column":1}},"line":324},"47":{"name":"(anonymous_47)","decl":{"start":{"line":331,"column":29},"end":{"line":331,"column":30}},"loc":{"start":{"line":331,"column":35},"end":{"line":333,"column":1}},"line":331},"48":{"name":"(anonymous_48)","decl":{"start":{"line":335,"column":29},"end":{"line":335,"column":30}},"loc":{"start":{"line":335,"column":35},"end":{"line":337,"column":1}},"line":335},"49":{"name":"(anonymous_49)","decl":{"start":{"line":339,"column":30},"end":{"line":339,"column":31}},"loc":{"start":{"line":339,"column":36},"end":{"line":345,"column":1}},"line":339},"50":{"name":"(anonymous_50)","decl":{"start":{"line":341,"column":29},"end":{"line":341,"column":30}},"loc":{"start":{"line":341,"column":55},"end":{"line":343,"column":3}},"line":341},"51":{"name":"(anonymous_51)","decl":{"start":{"line":347,"column":30},"end":{"line":347,"column":31}},"loc":{"start":{"line":347,"column":40},"end":{"line":356,"column":1}},"line":347},"52":{"name":"(anonymous_52)","decl":{"start":{"line":349,"column":31},"end":{"line":349,"column":32}},"loc":{"start":{"line":349,"column":59},"end":{"line":354,"column":3}},"line":349},"53":{"name":"(anonymous_53)","decl":{"start":{"line":351,"column":17},"end":{"line":351,"column":20}},"loc":{"start":{"line":351,"column":24},"end":{"line":353,"column":5}},"line":351}},"branchMap":{"0":{"loc":{"start":{"line":17,"column":6},"end":{"line":22,"column":null}},"type":"if","locations":[{"start":{"line":17,"column":6},"end":{"line":22,"column":null}},{"start":{},"end":{}}],"line":17},"1":{"loc":{"start":{"line":41,"column":4},"end":{"line":43,"column":null}},"type":"if","locations":[{"start":{"line":41,"column":4},"end":{"line":43,"column":null}},{"start":{},"end":{}}],"line":41},"2":{"loc":{"start":{"line":102,"column":15},"end":{"line":102,"column":null}},"type":"cond-expr","locations":[{"start":{"line":102,"column":40},"end":{"line":102,"column":63}},{"start":{"line":102,"column":66},"end":{"line":102,"column":null}}],"line":102},"3":{"loc":{"start":{"line":102,"column":66},"end":{"line":102,"column":null}},"type":"binary-expr","locations":[{"start":{"line":102,"column":66},"end":{"line":102,"column":80}},{"start":{"line":102,"column":84},"end":{"line":102,"column":null}}],"line":102},"4":{"loc":{"start":{"line":123,"column":2},"end":{"line":137,"column":null}},"type":"if","locations":[{"start":{"line":123,"column":2},"end":{"line":137,"column":null}},{"start":{},"end":{}}],"line":123},"5":{"loc":{"start":{"line":128,"column":8},"end":{"line":128,"column":null}},"type":"if","locations":[{"start":{"line":128,"column":8},"end":{"line":128,"column":null}},{"start":{},"end":{}}],"line":128},"6":{"loc":{"start":{"line":129,"column":8},"end":{"line":129,"column":null}},"type":"if","locations":[{"start":{"line":129,"column":8},"end":{"line":129,"column":null}},{"start":{},"end":{}}],"line":129},"7":{"loc":{"start":{"line":130,"column":8},"end":{"line":130,"column":null}},"type":"if","locations":[{"start":{"line":130,"column":8},"end":{"line":130,"column":null}},{"start":{},"end":{}}],"line":130},"8":{"loc":{"start":{"line":131,"column":8},"end":{"line":131,"column":null}},"type":"if","locations":[{"start":{"line":131,"column":8},"end":{"line":131,"column":null}},{"start":{},"end":{}}],"line":131},"9":{"loc":{"start":{"line":132,"column":8},"end":{"line":132,"column":null}},"type":"if","locations":[{"start":{"line":132,"column":8},"end":{"line":132,"column":null}},{"start":{},"end":{}}],"line":132},"10":{"loc":{"start":{"line":133,"column":8},"end":{"line":133,"column":null}},"type":"if","locations":[{"start":{"line":133,"column":8},"end":{"line":133,"column":null}},{"start":{},"end":{}}],"line":133},"11":{"loc":{"start":{"line":140,"column":2},"end":{"line":153,"column":null}},"type":"if","locations":[{"start":{"line":140,"column":2},"end":{"line":153,"column":null}},{"start":{},"end":{}}],"line":140},"12":{"loc":{"start":{"line":147,"column":8},"end":{"line":147,"column":null}},"type":"if","locations":[{"start":{"line":147,"column":8},"end":{"line":147,"column":null}},{"start":{},"end":{}}],"line":147},"13":{"loc":{"start":{"line":148,"column":8},"end":{"line":148,"column":null}},"type":"if","locations":[{"start":{"line":148,"column":8},"end":{"line":148,"column":null}},{"start":{},"end":{}}],"line":148},"14":{"loc":{"start":{"line":150,"column":15},"end":{"line":150,"column":62}},"type":"cond-expr","locations":[{"start":{"line":150,"column":38},"end":{"line":150,"column":49}},{"start":{"line":150,"column":52},"end":{"line":150,"column":62}}],"line":150},"15":{"loc":{"start":{"line":188,"column":2},"end":{"line":190,"column":null}},"type":"if","locations":[{"start":{"line":188,"column":2},"end":{"line":190,"column":null}},{"start":{},"end":{}}],"line":188},"16":{"loc":{"start":{"line":195,"column":15},"end":{"line":195,"column":null}},"type":"cond-expr","locations":[{"start":{"line":195,"column":43},"end":{"line":195,"column":69}},{"start":{"line":195,"column":72},"end":{"line":195,"column":null}}],"line":195},"17":{"loc":{"start":{"line":195,"column":72},"end":{"line":195,"column":null}},"type":"binary-expr","locations":[{"start":{"line":195,"column":72},"end":{"line":195,"column":89}},{"start":{"line":195,"column":93},"end":{"line":195,"column":null}}],"line":195},"18":{"loc":{"start":{"line":221,"column":4},"end":{"line":225,"column":null}},"type":"if","locations":[{"start":{"line":221,"column":4},"end":{"line":225,"column":null}},{"start":{"line":223,"column":11},"end":{"line":225,"column":null}}],"line":221},"19":{"loc":{"start":{"line":223,"column":11},"end":{"line":225,"column":null}},"type":"if","locations":[{"start":{"line":223,"column":11},"end":{"line":225,"column":null}},{"start":{},"end":{}}],"line":223},"20":{"loc":{"start":{"line":240,"column":31},"end":{"line":240,"column":48}},"type":"default-arg","locations":[{"start":{"line":240,"column":43},"end":{"line":240,"column":48}}],"line":240},"21":{"loc":{"start":{"line":267,"column":4},"end":{"line":267,"column":null}},"type":"if","locations":[{"start":{"line":267,"column":4},"end":{"line":267,"column":null}},{"start":{},"end":{}}],"line":267},"22":{"loc":{"start":{"line":272,"column":4},"end":{"line":278,"column":null}},"type":"if","locations":[{"start":{"line":272,"column":4},"end":{"line":278,"column":null}},{"start":{},"end":{}}],"line":272},"23":{"loc":{"start":{"line":276,"column":8},"end":{"line":276,"column":null}},"type":"if","locations":[{"start":{"line":276,"column":8},"end":{"line":276,"column":null}},{"start":{},"end":{}}],"line":276},"24":{"loc":{"start":{"line":324,"column":28},"end":{"line":324,"column":50}},"type":"default-arg","locations":[{"start":{"line":324,"column":37},"end":{"line":324,"column":50}}],"line":324}},"s":{"0":2,"1":2,"2":2,"3":2,"4":2,"5":0,"6":0,"7":0,"8":0,"9":102,"10":102,"11":102,"12":149,"13":102,"14":0,"15":227,"16":73,"17":227,"18":49,"19":49,"20":2,"21":2,"22":471,"23":58,"24":51,"25":2,"26":2,"27":77,"28":2,"29":85,"30":2,"31":77,"32":77,"33":77,"34":77,"35":77,"36":77,"37":77,"38":2,"39":8,"40":8,"41":8,"42":15,"43":34,"44":0,"45":8,"46":8,"47":15,"48":15,"49":19,"50":19,"51":19,"52":0,"53":0,"54":0,"55":0,"56":0,"57":0,"58":0,"59":0,"60":0,"61":0,"62":0,"63":8,"64":8,"65":8,"66":4,"67":4,"68":4,"69":4,"70":0,"71":4,"72":2,"73":4,"74":8,"75":2,"76":117,"77":117,"78":117,"79":117,"80":117,"81":117,"82":112,"83":2,"84":142,"85":2,"86":23,"87":23,"88":23,"89":23,"90":23,"91":0,"92":23,"93":23,"94":23,"95":2,"96":2,"97":2,"98":2,"99":2,"100":2,"101":2,"102":8,"103":8,"104":18,"105":10,"106":8,"107":8,"108":8,"109":2,"110":10,"111":2,"112":8,"113":2,"114":0,"115":0,"116":0,"117":0,"118":2,"119":0,"120":0,"121":0,"122":0,"123":0,"124":0,"125":0,"126":0,"127":0,"128":0,"129":0,"130":0,"131":0,"132":2,"133":2,"134":0,"135":0,"136":2,"137":0,"138":2,"139":0,"140":2,"141":2,"142":2,"143":58,"144":2,"145":51,"146":2,"147":49,"148":2,"149":0,"150":0,"151":0,"152":0,"153":2,"154":0,"155":0,"156":0,"157":0,"158":0,"159":0},"f":{"0":2,"1":2,"2":0,"3":102,"4":149,"5":227,"6":49,"7":2,"8":471,"9":58,"10":51,"11":77,"12":85,"13":77,"14":8,"15":15,"16":34,"17":0,"18":15,"19":19,"20":8,"21":4,"22":117,"23":117,"24":112,"25":142,"26":23,"27":2,"28":8,"29":18,"30":10,"31":8,"32":0,"33":0,"34":0,"35":0,"36":0,"37":0,"38":0,"39":0,"40":0,"41":0,"42":0,"43":0,"44":0,"45":0,"46":58,"47":51,"48":49,"49":0,"50":0,"51":0,"52":0,"53":0},"b":{"0":[0,2],"1":[73,154],"2":[0,77],"3":[77,0],"4":[8,0],"5":[19,0],"6":[0,0],"7":[0,0],"8":[0,0],"9":[0,0],"10":[0,0],"11":[8,0],"12":[0,4],"13":[2,2],"14":[4,0],"15":[0,23],"16":[0,23],"17":[23,0],"18":[10,8],"19":[8,0],"20":[8],"21":[0,0],"22":[0,0],"23":[0,0],"24":[58]},"meta":{"lastBranch":25,"lastFunction":54,"lastStatement":160,"seen":{"f:9:2:9:13":0,"s:10:4:10:Infinity":0,"s:11:4:11:Infinity":1,"f:14:2:14:10":1,"s:15:4:25:Infinity":2,"s:16:21:16:62":3,"b:17:6:22:Infinity:undefined:undefined:undefined:undefined":0,"s:17:6:22:Infinity":4,"s:18:21:18:39":5,"s:19:8:21:Infinity":6,"f:19:37:19:38":2,"s:20:10:20:Infinity":7,"s:24:6:24:Infinity":8,"f:28:2:28:10":3,"s:29:4:37:Infinity":9,"s:30:19:30:21":10,"s:31:6:33:Infinity":11,"f:31:31:31:32":4,"s:32:8:32:Infinity":12,"s:34:6:34:Infinity":13,"s:36:6:36:Infinity":14,"f:40:2:40:15":5,"b:41:4:43:Infinity:undefined:undefined:undefined:undefined":1,"s:41:4:43:Infinity":15,"s:42:6:42:Infinity":16,"s:44:4:44:Infinity":17,"f:47:2:47:10":6,"s:48:4:48:Infinity":18,"s:49:4:49:Infinity":19,"s:54:15:54:36":20,"f:61:2:61:13":7,"s:62:4:62:Infinity":21,"f:65:6:65:17":8,"s:66:4:66:Infinity":22,"f:69:2:69:16":9,"s:70:4:70:Infinity":23,"f:73:2:73:9":10,"s:74:4:74:Infinity":24,"s:79:17:79:31":25,"s:86:19:86:83":26,"f:86:19:86:20":11,"s:86:25:86:83":27,"s:89:26:91:1":28,"f:89:26:89:27":12,"s:90:2:90:Infinity":29,"s:94:22:109:1":30,"f:94:22:94:27":13,"s:95:25:95:54":31,"s:96:15:96:51":32,"s:97:13:97:25":33,"s:99:14:103:3":34,"b:102:40:102:63:102:66:102:Infinity":2,"b:102:66:102:80:102:84:102:Infinity":3,"s:105:2:105:Infinity":35,"s:106:2:106:Infinity":36,"s:108:2:108:Infinity":37,"s:112:23:160:1":38,"f:112:23:112:28":14,"s:113:25:113:49":39,"s:114:15:114:51":40,"s:116:13:120:5":41,"f:116:44:116:45":15,"s:116:61:120:3":42,"f:118:10:118:11":16,"s:118:16:118:20":43,"f:119:12:119:13":17,"s:119:18:119:Infinity":44,"b:123:2:137:Infinity:undefined:undefined:undefined:undefined":4,"s:123:2:137:Infinity":45,"s:124:4:136:Infinity":46,"f:124:23:124:26":18,"s:125:19:125:29":47,"s:126:6:135:Infinity":48,"f:126:35:126:36":19,"s:127:35:127:36":49,"b:128:8:128:Infinity:undefined:undefined:undefined:undefined":5,"s:128:8:128:Infinity":50,"s:128:25:128:Infinity":51,"b:129:8:129:Infinity:undefined:undefined:undefined:undefined":6,"s:129:8:129:Infinity":52,"s:129:25:129:Infinity":53,"b:130:8:130:Infinity:undefined:undefined:undefined:undefined":7,"s:130:8:130:Infinity":54,"s:130:24:130:Infinity":55,"b:131:8:131:Infinity:undefined:undefined:undefined:undefined":8,"s:131:8:131:Infinity":56,"s:131:25:131:Infinity":57,"b:132:8:132:Infinity:undefined:undefined:undefined:undefined":9,"s:132:8:132:Infinity":58,"s:132:24:132:Infinity":59,"b:133:8:133:Infinity:undefined:undefined:undefined:undefined":10,"s:133:8:133:Infinity":60,"s:133:25:133:Infinity":61,"s:134:8:134:Infinity":62,"b:140:2:153:Infinity:undefined:undefined:undefined:undefined":11,"s:140:2:153:Infinity":63,"s:141:4:152:Infinity":64,"f:141:30:141:31":20,"s:142:6:151:Infinity":65,"f:142:16:142:17":21,"s:143:21:143:36":66,"s:144:21:144:36":67,"s:146:25:146:26":68,"b:147:8:147:Infinity:undefined:undefined:undefined:undefined":12,"s:147:8:147:Infinity":69,"s:147:25:147:Infinity":70,"b:148:8:148:Infinity:undefined:undefined:undefined:undefined":13,"s:148:8:148:Infinity":71,"s:148:25:148:Infinity":72,"s:150:8:150:Infinity":73,"b:150:38:150:49:150:52:150:62":14,"s:155:2:159:Infinity":74,"s:163:22:174:1":75,"f:163:22:163:27":22,"s:164:25:164:47":76,"s:165:16:165:29":77,"s:166:15:166:51":78,"s:167:15:167:30":79,"s:169:2:173:Infinity":80,"f:171:12:171:13":23,"s:171:18:171:24":81,"f:172:10:172:11":24,"s:172:16:172:Infinity":82,"s:177:19:179:1":83,"f:177:19:177:20":25,"s:178:2:178:Infinity":84,"s:182:25:200:1":85,"f:182:25:182:30":26,"s:183:25:183:47":86,"s:184:16:184:29":87,"s:185:15:185:51":88,"s:186:19:186:34":89,"b:188:2:190:Infinity:undefined:undefined:undefined:undefined":15,"s:188:2:190:Infinity":90,"s:189:4:189:Infinity":91,"s:192:18:196:3":92,"b:195:43:195:69:195:72:195:Infinity":16,"b:195:72:195:89:195:93:195:Infinity":17,"s:198:2:198:Infinity":93,"s:199:2:199:Infinity":94,"s:203:25:210:1":95,"f:203:25:203:30":27,"s:204:25:204:47":96,"s:205:16:205:29":97,"s:206:15:206:51":98,"s:208:2:208:Infinity":99,"s:209:2:209:Infinity":100,"s:213:21:229:1":101,"f:213:21:213:22":28,"s:214:19:218:3":102,"s:220:2:226:Infinity":103,"f:220:22:220:32":29,"b:221:4:225:Infinity:223:11:225:Infinity":18,"s:221:4:225:Infinity":104,"s:222:6:222:Infinity":105,"b:223:11:225:Infinity:undefined:undefined:undefined:undefined":19,"s:223:11:225:Infinity":106,"s:224:6:224:Infinity":107,"s:228:2:228:Infinity":108,"s:232:21:237:1":109,"f:232:21:232:22":30,"s:233:2:236:Infinity":110,"s:240:23:245:1":111,"f:240:23:240:24":31,"b:240:43:240:48":20,"s:241:2:244:Infinity":112,"s:248:25:259:1":113,"f:249:7:249:8":32,"s:249:14:253:3":114,"f:250:12:250:13":33,"s:250:18:250:28":115,"f:254:12:254:13":34,"s:254:23:258:3":116,"f:255:12:255:13":35,"s:255:18:255:22":117,"s:262:26:287:1":118,"f:262:26:262:27":36,"s:264:2:268:Infinity":119,"f:264:25:264:33":37,"s:265:4:265:Infinity":120,"f:266:11:266:16":38,"b:267:4:267:Infinity:undefined:undefined:undefined:undefined":21,"s:267:4:267:Infinity":121,"s:267:23:267:Infinity":122,"s:271:26:279:3":123,"f:271:26:271:27":39,"b:272:4:278:Infinity:undefined:undefined:undefined:undefined":22,"s:272:4:278:Infinity":124,"s:273:6:277:Infinity":125,"f:273:29:273:37":40,"s:274:8:274:Infinity":126,"f:275:15:275:20":41,"b:276:8:276:Infinity:undefined:undefined:undefined:undefined":23,"s:276:8:276:Infinity":127,"s:276:27:276:Infinity":128,"s:281:2:281:Infinity":129,"s:284:2:286:Infinity":130,"f:284:9:284:10":42,"s:285:4:285:Infinity":131,"s:293:16:298:1":132,"s:300:29:303:1":133,"f:300:29:300:30":43,"s:301:2:301:Infinity":134,"s:302:2:302:Infinity":135,"s:305:23:307:1":136,"f:305:23:305:24":44,"s:306:2:306:Infinity":137,"s:309:28:311:1":138,"f:309:28:309:29":45,"s:310:2:310:Infinity":139,"s:317:20:317:28":140,"s:318:18:318:24":141,"s:324:27:329:1":142,"f:324:27:324:28":46,"b:324:37:324:50":24,"s:325:2:328:Infinity":143,"s:331:29:333:1":144,"f:331:29:331:30":47,"s:332:2:332:Infinity":145,"s:335:29:337:1":146,"f:335:29:335:30":48,"s:336:2:336:Infinity":147,"s:339:30:345:1":148,"f:339:30:339:31":49,"s:340:15:340:17":149,"s:341:2:343:Infinity":150,"f:341:29:341:30":50,"s:342:4:342:Infinity":151,"s:344:2:344:Infinity":152,"s:347:30:356:1":153,"f:347:30:347:31":51,"s:348:2:348:Infinity":154,"s:349:2:354:Infinity":155,"f:349:31:349:32":52,"s:350:17:350:53":156,"s:351:4:353:Infinity":157,"f:351:17:351:20":53,"s:352:6:352:Infinity":158,"s:355:2:355:Infinity":159}}}
}
